<?xml version="1.0" encoding="UTF-8"?>
<!-- Generated by org.testng.reporters.JUnitXMLReporter -->
<testsuite ignored="4" hostname="DESKTOP-MQNK3FA" failures="0" tests="5" name="Test(failed)" time="0.088" errors="0" timestamp="2023-10-03T16:32:01 IST">
  <testcase classname="com.acttime.testscript.TaskModule" name="deleteTask" time="0.011"/>
  <testcase classname="com.acttime.testscript.CustomerModule" name="modifyCustomer" time="0.002"/>
  <testcase classname="com.acttime.testscript.CustomerModule" name="deleteCustomer" time="0.002"/>
  <testcase classname="com.acttime.testscript.ProjectModule" name="deleteProject" time="0.001"/>
  <testcase classname="com.acttime.testscript.ProjectModule" name="modifyProject" time="0.003"/>
  <testcase classname="com.acttime.testscript.TaskModule" name="creatTask" time="0.0">
    <ignored/>
  </testcase> <!-- creatTask -->
  <testcase classname="com.acttime.testscript.ProjectModule" name="creatProject" time="0.0">
    <ignored/>
  </testcase> <!-- creatProject -->
  <testcase classname="com.acttime.testscript.CustomerModule" name="creatCustomer" time="0.0">
    <ignored/>
  </testcase> <!-- creatCustomer -->
  <testcase classname="com.acttime.testscript.TaskModule" name="modifyTask" time="0.0">
    <ignored/>
  </testcase> <!-- modifyTask -->
</testsuite> <!-- Test(failed) -->
