<?xml version="1.0" encoding="UTF-8"?>
<!-- Generated by org.testng.reporters.JUnitXMLReporter -->
<testsuite ignored="9" hostname="DESKTOP-MQNK3FA" failures="0" tests="0" time="0.027" errors="0" timestamp="2023-10-09T12:24:22 IST">
  <testcase classname="com.acttime.testscript.ProjectModule" name="modifyProject" time="0.0">
    <ignored/>
  </testcase> <!-- modifyProject -->
  <testcase classname="com.acttime.testscript.CustomerModule" name="modifyCustomer" time="0.0">
    <ignored/>
  </testcase> <!-- modifyCustomer -->
  <testcase classname="com.acttime.testscript.TaskModule" name="creatTask" time="0.0">
    <ignored/>
  </testcase> <!-- creatTask -->
  <testcase classname="com.acttime.testscript.CustomerModule" name="deleteCustomer" time="0.0">
    <ignored/>
  </testcase> <!-- deleteCustomer -->
  <testcase classname="com.acttime.testscript.TaskModule" name="deleteTask" time="0.0">
    <ignored/>
  </testcase> <!-- deleteTask -->
  <testcase classname="com.acttime.testscript.ProjectModule" name="creatProject" time="0.0">
    <ignored/>
  </testcase> <!-- creatProject -->
  <testcase classname="com.acttime.testscript.ProjectModule" name="deleteProject" time="0.0">
    <ignored/>
  </testcase> <!-- deleteProject -->
  <testcase classname="com.acttime.testscript.CustomerModule" name="creatCustomer" time="0.0">
    <ignored/>
  </testcase> <!-- creatCustomer -->
  <testcase classname="com.acttime.testscript.TaskModule" name="modifyTask" time="0.0">
    <ignored/>
  </testcase> <!-- modifyTask -->
</testsuite>
